0 info it worked if it ends with ok
1 verbose cli [ 'node', '/usr/local/bin/npm', 'run', 'start' ]
2 info using npm@1.4.21
3 info using node@v0.10.30
4 verbose run-script [ 'prestart', 'start', 'poststart' ]
5 info prestart bordeaux3d-core@0.1.0
6 info start bordeaux3d-core@0.1.0
7 verbose unsafe-perm in lifecycle true
8 info bordeaux3d-core@0.1.0 Failed to exec start script
9 error bordeaux3d-core@0.1.0 start: `node server.js dev core-client`
9 error Exit status 8
10 error Failed at the bordeaux3d-core@0.1.0 start script.
10 error This is most likely a problem with the bordeaux3d-core package,
10 error not with npm itself.
10 error Tell the author that this fails on your system:
10 error     node server.js dev core-client
10 error You can get their info via:
10 error     npm owner ls bordeaux3d-core
10 error There is likely additional logging output above.
11 error System Darwin 14.0.0
12 error command "node" "/usr/local/bin/npm" "run" "start"
13 error cwd /Users/Romain/Documents/Programmation/Projets_Ants/city-core
14 error node -v v0.10.30
15 error npm -v 1.4.21
16 error code ELIFECYCLE
17 verbose exit [ 1, true ]
